<?xml version="1.0" encoding="UTF-8"?>
<!-- Generated by org.testng.reporters.JUnitXMLReporter -->
<testsuite hostname="Gs-MacBook-Pro.modem" ignored="2" name="Default test" tests="1" failures="0" timestamp="03 Jan 2019 11:11:55 GMT" time="20.376" errors="0">
  <testcase name="validateCreateNewContact" time="4.337" classname="com.crm.qa.testcases.ContactsPageTest"/>
  <testcase name="selectContactsByNameTest" time="0.0" classname="com.crm.qa.testcases.ContactsPageTest">
    <ignored/>
  </testcase> <!-- selectContactsByNameTest -->
  <testcase name="verifyContactsPageLableTest" time="0.0" classname="com.crm.qa.testcases.ContactsPageTest">
    <ignored/>
  </testcase> <!-- verifyContactsPageLableTest -->
</testsuite> <!-- Default test -->
