<?xml version="1.0" encoding="UTF-8"?>
<!-- Generated by org.testng.reporters.JUnitXMLReporter -->
<testsuite hostname="Gs-MacBook-Pro.modem" ignored="0" name="Default test" tests="3" failures="0" timestamp="01 Jan 2019 07:36:50 GMT" time="32.127" errors="0">
  <testcase name="loginPageTest" time="0.034" classname="com.crm.qa.testcases.LoginPageTest"/>
  <testcase name="validateLogo" time="0.04" classname="com.crm.qa.testcases.LoginPageTest"/>
  <testcase name="login" time="9.941" classname="com.crm.qa.testcases.LoginPageTest"/>
</testsuite> <!-- Default test -->
