<?xml version="1.0" encoding="UTF-8"?>
<!-- Generated by org.testng.reporters.JUnitXMLReporter -->
<testsuite hostname="Gs-MacBook-Pro.modem" ignored="0" name="Free CRM Application Test Cases" tests="8" failures="0" timestamp="02 Jan 2019 06:01:45 GMT" time="94.357" errors="0">
  <testcase name="loginPageTest" time="0.023" classname="com.crm.qa.testcases.LoginPageTest"/>
  <testcase name="verifyHomePageTitleTest" time="0.016" classname="com.crm.qa.testcases.HomePageTest"/>
  <testcase name="verifyContactsPageLableTest" time="0.031" classname="com.crm.qa.testcases.ContactsPageTest"/>
  <testcase name="validateLogo" time="0.04" classname="com.crm.qa.testcases.LoginPageTest"/>
  <testcase name="verifyUserNameTest" time="0.068" classname="com.crm.qa.testcases.HomePageTest"/>
  <testcase name="selectContactsByNameTest" time="0.084" classname="com.crm.qa.testcases.ContactsPageTest"/>
  <testcase name="login" time="5.606" classname="com.crm.qa.testcases.LoginPageTest"/>
  <testcase name="contactsPageLinkClickTest" time="1.605" classname="com.crm.qa.testcases.HomePageTest"/>
</testsuite> <!-- Free CRM Application Test Cases -->
