<?xml version="1.0" encoding="UTF-8"?>
<!-- Generated by org.testng.reporters.JUnitXMLReporter -->
<testsuite hostname="Gs-MacBook-Pro.modem" ignored="0" name="Test" tests="8" failures="0" timestamp="02 Jan 2019 05:58:48 GMT" time="104.428" errors="0">
  <testcase name="loginPageTest" time="0.026" classname="com.crm.qa.testcases.LoginPageTest"/>
  <testcase name="verifyContactsPageLableTest" time="0.039" classname="com.crm.qa.testcases.ContactsPageTest"/>
  <testcase name="verifyHomePageTitleTest" time="0.011" classname="com.crm.qa.testcases.HomePageTest"/>
  <testcase name="validateLogo" time="0.038" classname="com.crm.qa.testcases.LoginPageTest"/>
  <testcase name="selectContactsByNameTest" time="0.099" classname="com.crm.qa.testcases.ContactsPageTest"/>
  <testcase name="verifyUserNameTest" time="0.068" classname="com.crm.qa.testcases.HomePageTest"/>
  <testcase name="login" time="6.516" classname="com.crm.qa.testcases.LoginPageTest"/>
  <testcase name="contactsPageLinkClickTest" time="1.354" classname="com.crm.qa.testcases.HomePageTest"/>
</testsuite> <!-- Test -->
