<?xml version="1.0" encoding="UTF-8"?>
<!-- Generated by org.testng.reporters.JUnitXMLReporter -->
<testsuite hostname="Gs-MacBook-Pro.modem" ignored="0" name="Command line test" tests="8" failures="0" timestamp="02 Jan 2019 04:52:33 GMT" time="112.083" errors="0">
  <testcase name="verifyContactsPageLableTest" time="0.043" classname="com.crm.qa.testcases.ContactsPageTest"/>
  <testcase name="verifyHomePageTitleTest" time="0.013" classname="com.crm.qa.testcases.HomePageTest"/>
  <testcase name="loginPageTest" time="0.011" classname="com.crm.qa.testcases.LoginPageTest"/>
  <testcase name="selectContactsByNameTest" time="0.143" classname="com.crm.qa.testcases.ContactsPageTest"/>
  <testcase name="verifyUserNameTest" time="0.109" classname="com.crm.qa.testcases.HomePageTest"/>
  <testcase name="validateLogo" time="0.056" classname="com.crm.qa.testcases.LoginPageTest"/>
  <testcase name="contactsPageLinkClickTest" time="1.552" classname="com.crm.qa.testcases.HomePageTest"/>
  <testcase name="login" time="7.52" classname="com.crm.qa.testcases.LoginPageTest"/>
</testsuite> <!-- Command line test -->
