<?xml version="1.0" encoding="UTF-8" ?>
<testsuite tests="8" failures="0" name="TestSuite" time="9.453" errors="0" skipped="0">
  <properties>
[...]
</properties>
  <testcase classname="com.crm.qa.testcases.ContactsPageTest" name="verifyContactsPageLableTest" time="0.046"/>
  <testcase classname="com.crm.qa.testcases.HomePageTest" name="verifyHomePageTitleTest" time="0.013"/>
  <testcase classname="com.crm.qa.testcases.LoginPageTest" name="loginPageTest" time="0.012"/>
  <testcase classname="com.crm.qa.testcases.ContactsPageTest" name="selectContactsByNameTest" time="0.143"/>
  <testcase classname="com.crm.qa.testcases.HomePageTest" name="verifyUserNameTest" time="0.109"/>
  <testcase classname="com.crm.qa.testcases.LoginPageTest" name="validateLogo" time="0.057"/>
  <testcase classname="com.crm.qa.testcases.HomePageTest" name="contactsPageLinkClickTest" time="1.552"/>
  <testcase classname="com.crm.qa.testcases.LoginPageTest" name="login" time="7.521"/>
</testsuite>