<?xml version="1.0" encoding="UTF-8"?>
<testng-results skipped="0" failed="0" ignored="0" total="8" passed="8">
  <reporter-output>
  </reporter-output>
  <suite name="Command line suite" duration-ms="112083" started-at="2019-01-02T04:50:41Z" finished-at="2019-01-02T04:52:33Z">
    <groups>
    </groups>
    <test name="Command line test" duration-ms="112083" started-at="2019-01-02T04:50:41Z" finished-at="2019-01-02T04:52:33Z">
      <class name="com.crm.qa.testcases.HomePageTest">
        <test-method status="PASS" signature="setUp()[pri:0, instance:com.crm.qa.testcases.HomePageTest@3fb6a447]" name="setUp" is-config="true" duration-ms="13058" started-at="2019-01-02T15:51:03Z" finished-at="2019-01-02T15:51:16Z">
          <reporter-output>
          </reporter-output>
        </test-method> <!-- setUp -->
        <test-method status="PASS" signature="verifyHomePageTitleTest()[pri:1, instance:com.crm.qa.testcases.HomePageTest@3fb6a447]" name="verifyHomePageTitleTest" duration-ms="13" started-at="2019-01-02T15:51:16Z" finished-at="2019-01-02T15:51:16Z">
          <reporter-output>
          </reporter-output>
        </test-method> <!-- verifyHomePageTitleTest -->
        <test-method status="PASS" signature="tearDown()[pri:0, instance:com.crm.qa.testcases.HomePageTest@3fb6a447]" name="tearDown" is-config="true" duration-ms="120" started-at="2019-01-02T15:51:16Z" finished-at="2019-01-02T15:51:16Z">
          <reporter-output>
          </reporter-output>
        </test-method> <!-- tearDown -->
        <test-method status="PASS" signature="setUp()[pri:0, instance:com.crm.qa.testcases.HomePageTest@3fb6a447]" name="setUp" is-config="true" duration-ms="13703" started-at="2019-01-02T15:51:38Z" finished-at="2019-01-02T15:51:52Z">
          <reporter-output>
          </reporter-output>
        </test-method> <!-- setUp -->
        <test-method status="PASS" signature="verifyUserNameTest()[pri:2, instance:com.crm.qa.testcases.HomePageTest@3fb6a447]" name="verifyUserNameTest" duration-ms="109" started-at="2019-01-02T15:51:52Z" finished-at="2019-01-02T15:51:52Z">
          <reporter-output>
          </reporter-output>
        </test-method> <!-- verifyUserNameTest -->
        <test-method status="PASS" signature="tearDown()[pri:0, instance:com.crm.qa.testcases.HomePageTest@3fb6a447]" name="tearDown" is-config="true" duration-ms="129" started-at="2019-01-02T15:51:52Z" finished-at="2019-01-02T15:51:52Z">
          <reporter-output>
          </reporter-output>
        </test-method> <!-- tearDown -->
        <test-method status="PASS" signature="setUp()[pri:0, instance:com.crm.qa.testcases.HomePageTest@3fb6a447]" name="setUp" is-config="true" duration-ms="15038" started-at="2019-01-02T15:52:01Z" finished-at="2019-01-02T15:52:16Z">
          <reporter-output>
          </reporter-output>
        </test-method> <!-- setUp -->
        <test-method status="PASS" signature="contactsPageLinkClickTest()[pri:3, instance:com.crm.qa.testcases.HomePageTest@3fb6a447]" name="contactsPageLinkClickTest" duration-ms="1552" started-at="2019-01-02T15:52:16Z" finished-at="2019-01-02T15:52:18Z">
          <reporter-output>
          </reporter-output>
        </test-method> <!-- contactsPageLinkClickTest -->
        <test-method status="PASS" signature="tearDown()[pri:0, instance:com.crm.qa.testcases.HomePageTest@3fb6a447]" name="tearDown" is-config="true" duration-ms="169" started-at="2019-01-02T15:52:18Z" finished-at="2019-01-02T15:52:18Z">
          <reporter-output>
          </reporter-output>
        </test-method> <!-- tearDown -->
      </class> <!-- com.crm.qa.testcases.HomePageTest -->
      <class name="com.crm.qa.testcases.ContactsPageTest">
        <test-method status="PASS" signature="setUp()[pri:0, instance:com.crm.qa.testcases.ContactsPageTest@7a5d012c]" name="setUp" is-config="true" duration-ms="21455" started-at="2019-01-02T15:50:41Z" finished-at="2019-01-02T15:51:02Z">
          <reporter-output>
          </reporter-output>
        </test-method> <!-- setUp -->
        <test-method status="PASS" signature="verifyContactsPageLableTest()[pri:1, instance:com.crm.qa.testcases.ContactsPageTest@7a5d012c]" name="verifyContactsPageLableTest" duration-ms="43" started-at="2019-01-02T15:51:02Z" finished-at="2019-01-02T15:51:02Z">
          <reporter-output>
          </reporter-output>
        </test-method> <!-- verifyContactsPageLableTest -->
        <test-method status="PASS" signature="tearDown()[pri:0, instance:com.crm.qa.testcases.ContactsPageTest@7a5d012c]" name="tearDown" is-config="true" duration-ms="164" started-at="2019-01-02T15:51:02Z" finished-at="2019-01-02T15:51:03Z">
          <reporter-output>
          </reporter-output>
        </test-method> <!-- tearDown -->
        <test-method status="PASS" signature="setUp()[pri:0, instance:com.crm.qa.testcases.ContactsPageTest@7a5d012c]" name="setUp" is-config="true" duration-ms="15189" started-at="2019-01-02T15:51:23Z" finished-at="2019-01-02T15:51:38Z">
          <reporter-output>
          </reporter-output>
        </test-method> <!-- setUp -->
        <test-method status="PASS" signature="selectContactsByNameTest()[pri:2, instance:com.crm.qa.testcases.ContactsPageTest@7a5d012c]" name="selectContactsByNameTest" duration-ms="143" started-at="2019-01-02T15:51:38Z" finished-at="2019-01-02T15:51:38Z">
          <reporter-output>
          </reporter-output>
        </test-method> <!-- selectContactsByNameTest -->
        <test-method status="PASS" signature="tearDown()[pri:0, instance:com.crm.qa.testcases.ContactsPageTest@7a5d012c]" name="tearDown" is-config="true" duration-ms="134" started-at="2019-01-02T15:51:38Z" finished-at="2019-01-02T15:51:38Z">
          <reporter-output>
          </reporter-output>
        </test-method> <!-- tearDown -->
      </class> <!-- com.crm.qa.testcases.ContactsPageTest -->
      <class name="com.crm.qa.testcases.LoginPageTest">
        <test-method status="PASS" signature="setUp()[pri:0, instance:com.crm.qa.testcases.LoginPageTest@79b4d0f]" name="setUp" is-config="true" duration-ms="6966" started-at="2019-01-02T15:51:16Z" finished-at="2019-01-02T15:51:23Z">
          <reporter-output>
          </reporter-output>
        </test-method> <!-- setUp -->
        <test-method status="PASS" signature="loginPageTest()[pri:1, instance:com.crm.qa.testcases.LoginPageTest@79b4d0f]" name="loginPageTest" duration-ms="11" started-at="2019-01-02T15:51:23Z" finished-at="2019-01-02T15:51:23Z">
          <reporter-output>
          </reporter-output>
        </test-method> <!-- loginPageTest -->
        <test-method status="PASS" signature="tearDown()[pri:0, instance:com.crm.qa.testcases.LoginPageTest@79b4d0f]" name="tearDown" is-config="true" duration-ms="107" started-at="2019-01-02T15:51:23Z" finished-at="2019-01-02T15:51:23Z">
          <reporter-output>
          </reporter-output>
        </test-method> <!-- tearDown -->
        <test-method status="PASS" signature="setUp()[pri:0, instance:com.crm.qa.testcases.LoginPageTest@79b4d0f]" name="setUp" is-config="true" duration-ms="8735" started-at="2019-01-02T15:51:52Z" finished-at="2019-01-02T15:52:01Z">
          <reporter-output>
          </reporter-output>
        </test-method> <!-- setUp -->
        <test-method status="PASS" signature="validateLogo()[pri:2, instance:com.crm.qa.testcases.LoginPageTest@79b4d0f]" name="validateLogo" duration-ms="56" started-at="2019-01-02T15:52:01Z" finished-at="2019-01-02T15:52:01Z">
          <reporter-output>
          </reporter-output>
        </test-method> <!-- validateLogo -->
        <test-method status="PASS" signature="tearDown()[pri:0, instance:com.crm.qa.testcases.LoginPageTest@79b4d0f]" name="tearDown" is-config="true" duration-ms="125" started-at="2019-01-02T15:52:01Z" finished-at="2019-01-02T15:52:01Z">
          <reporter-output>
          </reporter-output>
        </test-method> <!-- tearDown -->
        <test-method status="PASS" signature="setUp()[pri:0, instance:com.crm.qa.testcases.LoginPageTest@79b4d0f]" name="setUp" is-config="true" duration-ms="7374" started-at="2019-01-02T15:52:18Z" finished-at="2019-01-02T15:52:25Z">
          <reporter-output>
          </reporter-output>
        </test-method> <!-- setUp -->
        <test-method status="PASS" signature="login()[pri:3, instance:com.crm.qa.testcases.LoginPageTest@79b4d0f]" name="login" duration-ms="7520" started-at="2019-01-02T15:52:25Z" finished-at="2019-01-02T15:52:33Z">
          <reporter-output>
          </reporter-output>
        </test-method> <!-- login -->
        <test-method status="PASS" signature="tearDown()[pri:0, instance:com.crm.qa.testcases.LoginPageTest@79b4d0f]" name="tearDown" is-config="true" duration-ms="123" started-at="2019-01-02T15:52:33Z" finished-at="2019-01-02T15:52:33Z">
          <reporter-output>
          </reporter-output>
        </test-method> <!-- tearDown -->
      </class> <!-- com.crm.qa.testcases.LoginPageTest -->
    </test> <!-- Command line test -->
  </suite> <!-- Command line suite -->
</testng-results>
