<?xml version="1.0" encoding="UTF-8"?>
<testng-results skipped="0" failed="0" ignored="0" total="8" passed="8">
  <reporter-output>
  </reporter-output>
  <suite name="Free CRM Application Automation Test Suite" duration-ms="94357" started-at="2019-01-02T06:00:10Z" finished-at="2019-01-02T06:01:45Z">
    <groups>
    </groups>
    <test name="Free CRM Application Test Cases" duration-ms="94357" started-at="2019-01-02T06:00:10Z" finished-at="2019-01-02T06:01:45Z">
      <class name="com.crm.qa.testcases.HomePageTest">
        <test-method status="PASS" signature="setUp()[pri:0, instance:com.crm.qa.testcases.HomePageTest@29774679]" name="setUp" is-config="true" duration-ms="12878" started-at="2019-01-02T17:00:19Z" finished-at="2019-01-02T17:00:32Z">
          <reporter-output>
          </reporter-output>
        </test-method> <!-- setUp -->
        <test-method status="PASS" signature="verifyHomePageTitleTest()[pri:1, instance:com.crm.qa.testcases.HomePageTest@29774679]" name="verifyHomePageTitleTest" duration-ms="16" started-at="2019-01-02T17:00:32Z" finished-at="2019-01-02T17:00:32Z">
          <reporter-output>
          </reporter-output>
        </test-method> <!-- verifyHomePageTitleTest -->
        <test-method status="PASS" signature="tearDown()[pri:0, instance:com.crm.qa.testcases.HomePageTest@29774679]" name="tearDown" is-config="true" duration-ms="110" started-at="2019-01-02T17:00:32Z" finished-at="2019-01-02T17:00:32Z">
          <reporter-output>
          </reporter-output>
        </test-method> <!-- tearDown -->
        <test-method status="PASS" signature="setUp()[pri:0, instance:com.crm.qa.testcases.HomePageTest@29774679]" name="setUp" is-config="true" duration-ms="12725" started-at="2019-01-02T17:00:52Z" finished-at="2019-01-02T17:01:05Z">
          <reporter-output>
          </reporter-output>
        </test-method> <!-- setUp -->
        <test-method status="PASS" signature="verifyUserNameTest()[pri:2, instance:com.crm.qa.testcases.HomePageTest@29774679]" name="verifyUserNameTest" duration-ms="68" started-at="2019-01-02T17:01:05Z" finished-at="2019-01-02T17:01:05Z">
          <reporter-output>
          </reporter-output>
        </test-method> <!-- verifyUserNameTest -->
        <test-method status="PASS" signature="tearDown()[pri:0, instance:com.crm.qa.testcases.HomePageTest@29774679]" name="tearDown" is-config="true" duration-ms="115" started-at="2019-01-02T17:01:05Z" finished-at="2019-01-02T17:01:05Z">
          <reporter-output>
          </reporter-output>
        </test-method> <!-- tearDown -->
        <test-method status="PASS" signature="setUp()[pri:0, instance:com.crm.qa.testcases.HomePageTest@29774679]" name="setUp" is-config="true" duration-ms="11696" started-at="2019-01-02T17:01:31Z" finished-at="2019-01-02T17:01:43Z">
          <reporter-output>
          </reporter-output>
        </test-method> <!-- setUp -->
        <test-method status="PASS" signature="contactsPageLinkClickTest()[pri:3, instance:com.crm.qa.testcases.HomePageTest@29774679]" name="contactsPageLinkClickTest" duration-ms="1605" started-at="2019-01-02T17:01:43Z" finished-at="2019-01-02T17:01:45Z">
          <reporter-output>
          </reporter-output>
        </test-method> <!-- contactsPageLinkClickTest -->
        <test-method status="PASS" signature="tearDown()[pri:0, instance:com.crm.qa.testcases.HomePageTest@29774679]" name="tearDown" is-config="true" duration-ms="107" started-at="2019-01-02T17:01:45Z" finished-at="2019-01-02T17:01:45Z">
          <reporter-output>
          </reporter-output>
        </test-method> <!-- tearDown -->
      </class> <!-- com.crm.qa.testcases.HomePageTest -->
      <class name="com.crm.qa.testcases.ContactsPageTest">
        <test-method status="PASS" signature="setUp()[pri:0, instance:com.crm.qa.testcases.ContactsPageTest@3ffc5af1]" name="setUp" is-config="true" duration-ms="13684" started-at="2019-01-02T17:00:32Z" finished-at="2019-01-02T17:00:45Z">
          <reporter-output>
          </reporter-output>
        </test-method> <!-- setUp -->
        <test-method status="PASS" signature="verifyContactsPageLableTest()[pri:1, instance:com.crm.qa.testcases.ContactsPageTest@3ffc5af1]" name="verifyContactsPageLableTest" duration-ms="31" started-at="2019-01-02T17:00:45Z" finished-at="2019-01-02T17:00:45Z">
          <reporter-output>
          </reporter-output>
        </test-method> <!-- verifyContactsPageLableTest -->
        <test-method status="PASS" signature="tearDown()[pri:0, instance:com.crm.qa.testcases.ContactsPageTest@3ffc5af1]" name="tearDown" is-config="true" duration-ms="115" started-at="2019-01-02T17:00:45Z" finished-at="2019-01-02T17:00:46Z">
          <reporter-output>
          </reporter-output>
        </test-method> <!-- tearDown -->
        <test-method status="PASS" signature="setUp()[pri:0, instance:com.crm.qa.testcases.ContactsPageTest@3ffc5af1]" name="setUp" is-config="true" duration-ms="13653" started-at="2019-01-02T17:01:05Z" finished-at="2019-01-02T17:01:19Z">
          <reporter-output>
          </reporter-output>
        </test-method> <!-- setUp -->
        <test-method status="PASS" signature="selectContactsByNameTest()[pri:2, instance:com.crm.qa.testcases.ContactsPageTest@3ffc5af1]" name="selectContactsByNameTest" duration-ms="84" started-at="2019-01-02T17:01:19Z" finished-at="2019-01-02T17:01:19Z">
          <reporter-output>
          </reporter-output>
        </test-method> <!-- selectContactsByNameTest -->
        <test-method status="PASS" signature="tearDown()[pri:0, instance:com.crm.qa.testcases.ContactsPageTest@3ffc5af1]" name="tearDown" is-config="true" duration-ms="117" started-at="2019-01-02T17:01:19Z" finished-at="2019-01-02T17:01:19Z">
          <reporter-output>
          </reporter-output>
        </test-method> <!-- tearDown -->
      </class> <!-- com.crm.qa.testcases.ContactsPageTest -->
      <class name="com.crm.qa.testcases.LoginPageTest">
        <test-method status="PASS" signature="setUp()[pri:0, instance:com.crm.qa.testcases.LoginPageTest@61832929]" name="setUp" is-config="true" duration-ms="8111" started-at="2019-01-02T17:00:11Z" finished-at="2019-01-02T17:00:19Z">
          <reporter-output>
          </reporter-output>
        </test-method> <!-- setUp -->
        <test-method status="PASS" signature="loginPageTest()[pri:1, instance:com.crm.qa.testcases.LoginPageTest@61832929]" name="loginPageTest" duration-ms="23" started-at="2019-01-02T17:00:19Z" finished-at="2019-01-02T17:00:19Z">
          <reporter-output>
          </reporter-output>
        </test-method> <!-- loginPageTest -->
        <test-method status="PASS" signature="tearDown()[pri:0, instance:com.crm.qa.testcases.LoginPageTest@61832929]" name="tearDown" is-config="true" duration-ms="131" started-at="2019-01-02T17:00:19Z" finished-at="2019-01-02T17:00:19Z">
          <reporter-output>
          </reporter-output>
        </test-method> <!-- tearDown -->
        <test-method status="PASS" signature="setUp()[pri:0, instance:com.crm.qa.testcases.LoginPageTest@61832929]" name="setUp" is-config="true" duration-ms="6428" started-at="2019-01-02T17:00:46Z" finished-at="2019-01-02T17:00:52Z">
          <reporter-output>
          </reporter-output>
        </test-method> <!-- setUp -->
        <test-method status="PASS" signature="validateLogo()[pri:2, instance:com.crm.qa.testcases.LoginPageTest@61832929]" name="validateLogo" duration-ms="40" started-at="2019-01-02T17:00:52Z" finished-at="2019-01-02T17:00:52Z">
          <reporter-output>
          </reporter-output>
        </test-method> <!-- validateLogo -->
        <test-method status="PASS" signature="tearDown()[pri:0, instance:com.crm.qa.testcases.LoginPageTest@61832929]" name="tearDown" is-config="true" duration-ms="105" started-at="2019-01-02T17:00:52Z" finished-at="2019-01-02T17:00:52Z">
          <reporter-output>
          </reporter-output>
        </test-method> <!-- tearDown -->
        <test-method status="PASS" signature="setUp()[pri:0, instance:com.crm.qa.testcases.LoginPageTest@61832929]" name="setUp" is-config="true" duration-ms="6767" started-at="2019-01-02T17:01:19Z" finished-at="2019-01-02T17:01:26Z">
          <reporter-output>
          </reporter-output>
        </test-method> <!-- setUp -->
        <test-method status="PASS" signature="login()[pri:3, instance:com.crm.qa.testcases.LoginPageTest@61832929]" name="login" duration-ms="5606" started-at="2019-01-02T17:01:26Z" finished-at="2019-01-02T17:01:31Z">
          <reporter-output>
          </reporter-output>
        </test-method> <!-- login -->
        <test-method status="PASS" signature="tearDown()[pri:0, instance:com.crm.qa.testcases.LoginPageTest@61832929]" name="tearDown" is-config="true" duration-ms="110" started-at="2019-01-02T17:01:31Z" finished-at="2019-01-02T17:01:31Z">
          <reporter-output>
          </reporter-output>
        </test-method> <!-- tearDown -->
      </class> <!-- com.crm.qa.testcases.LoginPageTest -->
    </test> <!-- Free CRM Application Test Cases -->
  </suite> <!-- Free CRM Application Automation Test Suite -->
</testng-results>
