<?xml version="1.0" encoding="UTF-8"?>
<testng-results skipped="0" failed="0" ignored="2" total="3" passed="1">
  <reporter-output>
  </reporter-output>
  <suite name="Default suite" duration-ms="20376" started-at="2019-01-03T11:11:34Z" finished-at="2019-01-03T11:11:55Z">
    <groups>
    </groups>
    <test name="Default test" duration-ms="20376" started-at="2019-01-03T11:11:34Z" finished-at="2019-01-03T11:11:55Z">
      <class name="com.crm.qa.testcases.ContactsPageTest">
        <test-method status="PASS" signature="setUp()[pri:0, instance:com.crm.qa.testcases.ContactsPageTest@29774679]" name="setUp" is-config="true" duration-ms="15858" started-at="2019-01-03T22:11:34Z" finished-at="2019-01-03T22:11:50Z">
          <reporter-output>
          </reporter-output>
        </test-method> <!-- setUp -->
        <test-method status="PASS" signature="validateCreateNewContact()[pri:3, instance:com.crm.qa.testcases.ContactsPageTest@29774679]" name="validateCreateNewContact" duration-ms="4337" started-at="2019-01-03T22:11:50Z" finished-at="2019-01-03T22:11:55Z">
          <reporter-output>
          </reporter-output>
        </test-method> <!-- validateCreateNewContact -->
        <test-method status="PASS" signature="tearDown()[pri:0, instance:com.crm.qa.testcases.ContactsPageTest@29774679]" name="tearDown" is-config="true" duration-ms="151" started-at="2019-01-03T22:11:55Z" finished-at="2019-01-03T22:11:55Z">
          <reporter-output>
          </reporter-output>
        </test-method> <!-- tearDown -->
      </class> <!-- com.crm.qa.testcases.ContactsPageTest -->
    </test> <!-- Default test -->
  </suite> <!-- Default suite -->
</testng-results>
